This is pdfTeX, Version 3.14159265-2.6-1.40.20 (TeX Live 2019) (preloaded format=pdflatex 2019.12.25)  28 DEC 2019 11:05
entering extended mode
 \write18 enabled.
 file:line:error style messages enabled.
 %&-line parsing enabled.
**04-list.sty
(./04-list.sty
LaTeX2e <2019-10-01> patch level 3

./04-list.sty:3: LaTeX Error: \usepackage before \documentclass.

See the LaTeX manual or LaTeX Companion for explanation.
Type  H <return>  for immediate help.
 ...                                              
                                                  
l.3 \usepackage{
                xint}
? 
./04-list.sty:3: Emergency stop.
 ...                                              
                                                  
l.3 \usepackage{
                xint}
\usepackage may only appear in the document preamble, i.e.,
between \documentclass and \begin{document}.

 
Here is how much of TeX's memory you used:
 7 strings out of 492163
 273 string characters out of 6125305
 59552 words of memory out of 5000000
 4472 multiletter control sequences out of 15000+600000
 3640 words of font info for 14 fonts, out of 8000000 for 9000
 1141 hyphenation exceptions out of 8191
 5i,0n,5p,37b,14s stack positions out of 5000i,500n,10000p,200000b,80000s
./04-list.sty:3:  ==> Fatal error occurred, no output PDF file produced!
